[0m14:24:50.018218 [debug] [MainThread]: Sending event: {'category': 'dbt', 'action': 'invocation', 'label': 'start', 'context': [<snowplow_tracker.self_describing_json.SelfDescribingJson object at 0x10c281990>, <snowplow_tracker.self_describing_json.SelfDescribingJson object at 0x10d3331f0>, <snowplow_tracker.self_describing_json.SelfDescribingJson object at 0x10d332da0>]}


============================== 14:24:50.022040 | 76063441-71b9-4ce6-bdc5-2df057053fff ==============================
[0m14:24:50.022040 [info ] [MainThread]: Running with dbt=1.11.6
[0m14:24:50.022424 [debug] [MainThread]: running dbt with arguments {'empty': 'None', 'profiles_dir': '/Users/mandeepbaluja/.dbt', 'fail_fast': 'False', 'use_experimental_parser': 'False', 'no_print': 'None', 'log_format': 'default', 'log_path': 'logs', 'use_colors': 'True', 'write_json': 'True', 'invocation_command': 'dbt init .', 'cache_selected_only': 'False', 'partial_parse': 'True', 'send_anonymous_usage_stats': 'True', 'target_path': 'None', 'indirect_selection': 'eager', 'static_parser': 'True', 'warn_error': 'None', 'debug': 'False', 'log_cache_events': 'False', 'warn_error_options': 'WarnErrorOptionsV2(error=[], warn=[], silence=[])', 'introspect': 'True', 'printer_width': '80', 'quiet': 'False', 'version_check': 'True'}
[0m14:25:20.621095 [debug] [MainThread]: Starter project path: /Users/mandeepbaluja/.pyenv/versions/3.10.14/lib/python3.10/site-packages/dbt/include/starter_project
[0m14:25:20.635769 [info ] [MainThread]: 
Your new dbt project "myfirst_dbt_project" was created!

For more information on how to configure the profiles.yml file,
please consult the dbt documentation here:

  https://docs.getdbt.com/docs/configure-your-profile

One more thing:

Need help? Don't hesitate to reach out to us via GitHub issues or on Slack:

  https://community.getdbt.com/

Happy modeling!

[0m14:25:20.636618 [info ] [MainThread]: Setting up your profile.
[0m14:33:41.846912 [info ] [MainThread]: Profile myfirst_dbt_project written to /Users/mandeepbaluja/.dbt/profiles.yml using target's profile_template.yml and your supplied values. Run 'dbt debug' to validate the connection.
[0m14:33:41.865295 [debug] [MainThread]: Resource report: {"command_name": "init", "command_success": true, "command_wall_clock_time": 531.9093, "process_in_blocks": "0", "process_kernel_time": 0.224987, "process_mem_max_rss": "104710144", "process_out_blocks": "0", "process_user_time": 0.917363}
[0m14:33:41.870455 [debug] [MainThread]: Command `dbt init` succeeded at 14:33:41.868443 after 531.92 seconds
[0m14:33:41.877581 [debug] [MainThread]: Sending event: {'category': 'dbt', 'action': 'invocation', 'label': 'end', 'context': [<snowplow_tracker.self_describing_json.SelfDescribingJson object at 0x10c281990>, <snowplow_tracker.self_describing_json.SelfDescribingJson object at 0x10d333d00>, <snowplow_tracker.self_describing_json.SelfDescribingJson object at 0x10d3322c0>]}
[0m14:33:41.880837 [debug] [MainThread]: Flushing usage events
[0m14:33:59.798388 [debug] [MainThread]: An error was encountered while trying to flush usage events
[0m14:34:01.499358 [debug] [MainThread]: Sending event: {'category': 'dbt', 'action': 'invocation', 'label': 'start', 'context': [<snowplow_tracker.self_describing_json.SelfDescribingJson object at 0x10c8cd960>, <snowplow_tracker.self_describing_json.SelfDescribingJson object at 0x10d97b1c0>, <snowplow_tracker.self_describing_json.SelfDescribingJson object at 0x10d97ad70>]}


============================== 14:34:01.502413 | 6e03524c-cf7b-405c-9256-df18b03695f6 ==============================
[0m14:34:01.502413 [info ] [MainThread]: Running with dbt=1.11.6
[0m14:34:01.502798 [debug] [MainThread]: running dbt with arguments {'write_json': 'True', 'version_check': 'True', 'empty': 'None', 'log_cache_events': 'False', 'target_path': 'None', 'log_format': 'default', 'warn_error_options': 'WarnErrorOptionsV2(error=[], warn=[], silence=[])', 'use_colors': 'True', 'invocation_command': 'dbt debug', 'cache_selected_only': 'False', 'quiet': 'False', 'profiles_dir': '/Users/mandeepbaluja/.dbt', 'use_experimental_parser': 'False', 'printer_width': '80', 'introspect': 'True', 'warn_error': 'None', 'fail_fast': 'False', 'log_path': 'logs', 'static_parser': 'True', 'no_print': 'None', 'debug': 'False', 'partial_parse': 'True', 'indirect_selection': 'eager', 'send_anonymous_usage_stats': 'True'}
[0m14:34:01.511850 [info ] [MainThread]: dbt version: 1.11.6
[0m14:34:01.512132 [info ] [MainThread]: python version: 3.10.14
[0m14:34:01.512330 [info ] [MainThread]: python path: /Users/mandeepbaluja/.pyenv/versions/3.10.14/bin/python3.10
[0m14:34:01.512513 [info ] [MainThread]: os info: macOS-26.3-arm64-arm-64bit
[0m14:34:01.560907 [info ] [MainThread]: Error importing adapter: No module named 'dbt.adapters.snowflake'
[0m14:34:01.561346 [info ] [MainThread]: Using profiles dir at /Users/mandeepbaluja/.dbt
[0m14:34:01.561568 [info ] [MainThread]: Using profiles.yml file at /Users/mandeepbaluja/.dbt/profiles.yml
[0m14:34:01.561756 [info ] [MainThread]: Using dbt_project.yml file at /Users/mandeepbaluja/dbt2/dbt_project/dbt_project.yml
[0m14:34:01.561945 [info ] [MainThread]: Configuration:
[0m14:34:01.562120 [info ] [MainThread]:   profiles.yml file [[31mERROR invalid[0m]
[0m14:34:01.562294 [info ] [MainThread]:   dbt_project.yml file [[31mERROR not found[0m]
[0m14:34:01.562464 [info ] [MainThread]: Required dependencies:
[0m14:34:01.562690 [debug] [MainThread]: Executing "git --help"
[0m14:34:01.580444 [debug] [MainThread]: STDOUT: "b"usage: git [-v | --version] [-h | --help] [-C <path>] [-c <name>=<value>]\n           [--exec-path[=<path>]] [--html-path] [--man-path] [--info-path]\n           [-p | --paginate | -P | --no-pager] [--no-replace-objects] [--bare]\n           [--git-dir=<path>] [--work-tree=<path>] [--namespace=<name>]\n           [--super-prefix=<path>] [--config-env=<name>=<envvar>]\n           <command> [<args>]\n\nThese are common Git commands used in various situations:\n\nstart a working area (see also: git help tutorial)\n   clone     Clone a repository into a new directory\n   init      Create an empty Git repository or reinitialize an existing one\n\nwork on the current change (see also: git help everyday)\n   add       Add file contents to the index\n   mv        Move or rename a file, a directory, or a symlink\n   restore   Restore working tree files\n   rm        Remove files from the working tree and from the index\n\nexamine the history and state (see also: git help revisions)\n   bisect    Use binary search to find the commit that introduced a bug\n   diff      Show changes between commits, commit and working tree, etc\n   grep      Print lines matching a pattern\n   log       Show commit logs\n   show      Show various types of objects\n   status    Show the working tree status\n\ngrow, mark and tweak your common history\n   branch    List, create, or delete branches\n   commit    Record changes to the repository\n   merge     Join two or more development histories together\n   rebase    Reapply commits on top of another base tip\n   reset     Reset current HEAD to the specified state\n   switch    Switch branches\n   tag       Create, list, delete or verify a tag object signed with GPG\n\ncollaborate (see also: git help workflows)\n   fetch     Download objects and refs from another repository\n   pull      Fetch from and integrate with another repository or a local branch\n   push      Update remote refs along with associated objects\n\n'git help -a' and 'git help -g' list available subcommands and some\nconcept guides. See 'git help <command>' or 'git help <concept>'\nto read about a specific subcommand or concept.\nSee 'git help git' for an overview of the system.\n""
[0m14:34:01.580947 [debug] [MainThread]: STDERR: "b''"
[0m14:34:01.581154 [info ] [MainThread]:  - git [[32mOK found[0m]

[0m14:34:01.581356 [info ] [MainThread]: Connection test skipped since no profile was found
[0m14:34:01.581615 [info ] [MainThread]: [31m2 checks failed:[0m
[0m14:34:01.581803 [info ] [MainThread]: Could not load dbt_project.yml
Profile loading failed for the following reason:
Runtime Error
  Credentials in profile "snowflakeproject", target "dev" invalid: Runtime Error
    Could not find adapter type snowflake!


[0m14:34:01.582002 [info ] [MainThread]: Project loading failed for the following reason:
 project path </Users/mandeepbaluja/dbt2/dbt_project/dbt_project.yml> not found

[0m14:34:01.583883 [debug] [MainThread]: Resource report: {"command_name": "debug", "command_success": false, "command_wall_clock_time": 0.13438055, "process_in_blocks": "0", "process_kernel_time": 0.167556, "process_mem_max_rss": "108232704", "process_out_blocks": "0", "process_user_time": 0.92948}
[0m14:34:01.584200 [debug] [MainThread]: Command `dbt debug` failed at 14:34:01.584137 after 0.13 seconds
[0m14:34:01.584511 [debug] [MainThread]: Sending event: {'category': 'dbt', 'action': 'invocation', 'label': 'end', 'context': [<snowplow_tracker.self_describing_json.SelfDescribingJson object at 0x10c8cd960>, <snowplow_tracker.self_describing_json.SelfDescribingJson object at 0x10d97a5c0>, <snowplow_tracker.self_describing_json.SelfDescribingJson object at 0x10da99630>]}
[0m14:34:01.584825 [debug] [MainThread]: Flushing usage events
[0m14:34:02.573860 [debug] [MainThread]: An error was encountered while trying to flush usage events
[0m14:35:59.202393 [debug] [MainThread]: Sending event: {'category': 'dbt', 'action': 'invocation', 'label': 'start', 'context': [<snowplow_tracker.self_describing_json.SelfDescribingJson object at 0x10cc7d930>, <snowplow_tracker.self_describing_json.SelfDescribingJson object at 0x10dd271c0>, <snowplow_tracker.self_describing_json.SelfDescribingJson object at 0x10dd26d70>]}


============================== 14:35:59.205611 | c0f91b37-667f-4b92-b7b7-e001028bc32f ==============================
[0m14:35:59.205611 [info ] [MainThread]: Running with dbt=1.11.6
[0m14:35:59.205983 [debug] [MainThread]: running dbt with arguments {'fail_fast': 'False', 'use_colors': 'True', 'invocation_command': 'dbt debug', 'log_cache_events': 'False', 'log_format': 'default', 'quiet': 'False', 'empty': 'None', 'send_anonymous_usage_stats': 'True', 'log_path': 'logs', 'warn_error_options': 'WarnErrorOptionsV2(error=[], warn=[], silence=[])', 'profiles_dir': '/Users/mandeepbaluja/.dbt', 'target_path': 'None', 'static_parser': 'True', 'introspect': 'True', 'no_print': 'None', 'version_check': 'True', 'printer_width': '80', 'partial_parse': 'True', 'write_json': 'True', 'debug': 'False', 'cache_selected_only': 'False', 'indirect_selection': 'eager', 'use_experimental_parser': 'False', 'warn_error': 'None'}
[0m14:35:59.215098 [info ] [MainThread]: dbt version: 1.11.6
[0m14:35:59.215371 [info ] [MainThread]: python version: 3.10.14
[0m14:35:59.215573 [info ] [MainThread]: python path: /Users/mandeepbaluja/.pyenv/versions/3.10.14/bin/python3.10
[0m14:35:59.215759 [info ] [MainThread]: os info: macOS-26.3-arm64-arm-64bit
[0m14:35:59.266658 [info ] [MainThread]: Error importing adapter: No module named 'dbt.adapters.snowflake'
[0m14:35:59.267071 [info ] [MainThread]: Using profiles dir at /Users/mandeepbaluja/.dbt
[0m14:35:59.267269 [info ] [MainThread]: Using profiles.yml file at /Users/mandeepbaluja/.dbt/profiles.yml
[0m14:35:59.267447 [info ] [MainThread]: Using dbt_project.yml file at /Users/mandeepbaluja/dbt2/dbt_project/dbt_project.yml
[0m14:35:59.267628 [info ] [MainThread]: Configuration:
[0m14:35:59.267796 [info ] [MainThread]:   profiles.yml file [[31mERROR invalid[0m]
[0m14:35:59.267967 [info ] [MainThread]:   dbt_project.yml file [[31mERROR not found[0m]
[0m14:35:59.268141 [info ] [MainThread]: Required dependencies:
[0m14:35:59.268355 [debug] [MainThread]: Executing "git --help"
[0m14:35:59.283964 [debug] [MainThread]: STDOUT: "b"usage: git [-v | --version] [-h | --help] [-C <path>] [-c <name>=<value>]\n           [--exec-path[=<path>]] [--html-path] [--man-path] [--info-path]\n           [-p | --paginate | -P | --no-pager] [--no-replace-objects] [--bare]\n           [--git-dir=<path>] [--work-tree=<path>] [--namespace=<name>]\n           [--super-prefix=<path>] [--config-env=<name>=<envvar>]\n           <command> [<args>]\n\nThese are common Git commands used in various situations:\n\nstart a working area (see also: git help tutorial)\n   clone     Clone a repository into a new directory\n   init      Create an empty Git repository or reinitialize an existing one\n\nwork on the current change (see also: git help everyday)\n   add       Add file contents to the index\n   mv        Move or rename a file, a directory, or a symlink\n   restore   Restore working tree files\n   rm        Remove files from the working tree and from the index\n\nexamine the history and state (see also: git help revisions)\n   bisect    Use binary search to find the commit that introduced a bug\n   diff      Show changes between commits, commit and working tree, etc\n   grep      Print lines matching a pattern\n   log       Show commit logs\n   show      Show various types of objects\n   status    Show the working tree status\n\ngrow, mark and tweak your common history\n   branch    List, create, or delete branches\n   commit    Record changes to the repository\n   merge     Join two or more development histories together\n   rebase    Reapply commits on top of another base tip\n   reset     Reset current HEAD to the specified state\n   switch    Switch branches\n   tag       Create, list, delete or verify a tag object signed with GPG\n\ncollaborate (see also: git help workflows)\n   fetch     Download objects and refs from another repository\n   pull      Fetch from and integrate with another repository or a local branch\n   push      Update remote refs along with associated objects\n\n'git help -a' and 'git help -g' list available subcommands and some\nconcept guides. See 'git help <command>' or 'git help <concept>'\nto read about a specific subcommand or concept.\nSee 'git help git' for an overview of the system.\n""
[0m14:35:59.284529 [debug] [MainThread]: STDERR: "b''"
[0m14:35:59.284811 [info ] [MainThread]:  - git [[32mOK found[0m]

[0m14:35:59.285059 [info ] [MainThread]: Connection test skipped since no profile was found
[0m14:35:59.285419 [info ] [MainThread]: [31m2 checks failed:[0m
[0m14:35:59.285648 [info ] [MainThread]: Could not load dbt_project.yml
Profile loading failed for the following reason:
Runtime Error
  Credentials in profile "snowflakeproject", target "dev" invalid: Runtime Error
    Could not find adapter type snowflake!


[0m14:35:59.285859 [info ] [MainThread]: Project loading failed for the following reason:
 project path </Users/mandeepbaluja/dbt2/dbt_project/dbt_project.yml> not found

[0m14:35:59.288255 [debug] [MainThread]: Resource report: {"command_name": "debug", "command_success": false, "command_wall_clock_time": 0.13528466, "process_in_blocks": "0", "process_kernel_time": 0.147181, "process_mem_max_rss": "109232128", "process_out_blocks": "0", "process_user_time": 0.883079}
[0m14:35:59.288767 [debug] [MainThread]: Command `dbt debug` failed at 14:35:59.288694 after 0.14 seconds
[0m14:35:59.289129 [debug] [MainThread]: Sending event: {'category': 'dbt', 'action': 'invocation', 'label': 'end', 'context': [<snowplow_tracker.self_describing_json.SelfDescribingJson object at 0x10cc7d930>, <snowplow_tracker.self_describing_json.SelfDescribingJson object at 0x10dd265c0>, <snowplow_tracker.self_describing_json.SelfDescribingJson object at 0x10de477f0>]}
[0m14:35:59.289429 [debug] [MainThread]: Flushing usage events
[0m14:36:01.234005 [debug] [MainThread]: An error was encountered while trying to flush usage events
